<?xml version="1.0" encoding="UTF-8"?>
<robot generator="Robot 5.0.1 (Python 3.10.0 on win32)" generated="20221006 09:31:17.837" rpa="false" schemaversion="3">
<suite id="s1" name="Minha suite" source="C:\CursoUdemy\RobotFramework\MayFernandes\WebTesting\Minha_suite.robot">
<test id="s1-t1" name="Caso de Teste 01: Pesquisar um produto no site" line="7">
<kw name="Acessar a pagina inicial do site da loja" library="resource">
<kw name="Open Browser" library="SeleniumLibrary">
<arg>url=${URL}</arg>
<arg>browser=${BROWSER}</arg>
<doc>Opens a new browser instance to the optional ``url``.</doc>
<msg timestamp="20221006 09:31:18.056" level="INFO">Opening browser 'firefox' to base url 'http://automationpractice.com/index.php'.</msg>
<msg timestamp="20221006 09:31:18.057" level="INFO">Firefox driver log is always forced to to: C:\CursoUdemy\RobotFramework\MayFernandes\WebTesting\geckodriver-2.log</msg>
<status status="PASS" starttime="20221006 09:31:18.055" endtime="20221006 09:31:40.016"/>
</kw>
<status status="PASS" starttime="20221006 09:31:18.055" endtime="20221006 09:31:40.016"/>
</kw>
<kw name="Ditiar o produto &quot;blouse&quot; no campo de pesquisa" library="resource" sourcename="Ditiar o produto &quot;${PRODUTO}&quot; no campo de pesquisa">
<kw name="Input Text" library="SeleniumLibrary">
<arg>id=search_query_top</arg>
<arg>${PRODUTO}</arg>
<doc>Types the given ``text`` into the text field identified by ``locator``.</doc>
<msg timestamp="20221006 09:31:40.018" level="INFO">Typing text 'blouse' into text field 'id=search_query_top'.</msg>
<status status="PASS" starttime="20221006 09:31:40.017" endtime="20221006 09:31:40.091"/>
</kw>
<status status="PASS" starttime="20221006 09:31:40.017" endtime="20221006 09:31:40.092"/>
</kw>
<kw name="Clicar no botao Pesquisar" library="resource">
<kw name="Click Button" library="SeleniumLibrary">
<arg>name=submit_search</arg>
<doc>Clicks the button identified by ``locator``.</doc>
<msg timestamp="20221006 09:31:40.093" level="INFO">Clicking button 'name=submit_search'.</msg>
<status status="PASS" starttime="20221006 09:31:40.093" endtime="20221006 09:31:45.347"/>
</kw>
<status status="PASS" starttime="20221006 09:31:40.093" endtime="20221006 09:31:45.348"/>
</kw>
<kw name="Conferir se o produto &quot;blouse&quot; foi exibido corretamente" library="resource" sourcename="Conferir se o produto &quot;${PRODUTO}&quot; foi exibido corretamente">
<kw name="Wait Until Element Is Visible" library="SeleniumLibrary">
<arg>xpath=//*[@id="center_column"]/ul/li/div/div[2]/h5/a</arg>
<doc>Waits until the element ``locator`` is visible.</doc>
<status status="PASS" starttime="20221006 09:31:45.349" endtime="20221006 09:31:48.233"/>
</kw>
<status status="PASS" starttime="20221006 09:31:45.348" endtime="20221006 09:31:48.234"/>
</kw>
<kw name="Fechar o navegador" library="resource">
<kw name="Close Browser" library="SeleniumLibrary">
<doc>Closes the current browser.</doc>
<status status="PASS" starttime="20221006 09:31:48.236" endtime="20221006 09:31:49.035"/>
</kw>
<status status="PASS" starttime="20221006 09:31:48.236" endtime="20221006 09:31:49.035"/>
</kw>
<status status="PASS" starttime="20221006 09:31:18.053" endtime="20221006 09:31:49.036"/>
</test>
<doc>Suite Exemplo Testing</doc>
<status status="PASS" starttime="20221006 09:31:17.839" endtime="20221006 09:31:49.037"/>
</suite>
<statistics>
<total>
<stat pass="1" fail="0" skip="0">All Tests</stat>
</total>
<tag>
</tag>
<suite>
<stat pass="1" fail="0" skip="0" id="s1" name="Minha suite">Minha suite</stat>
</suite>
</statistics>
<errors>
</errors>
</robot>
